<?xml version="1.0" encoding="UTF-8"?>
<!-- Generated by org.testng.reporters.JUnitReportReporter -->
<testsuite skipped="0" hostname="IND-5CG0259CJQ" name="Regression.OpenExistingAccount" tests="1" failures="0" timestamp="03 Dec 2020 18:28:47 GMT" time="46.539" errors="0">
  <testcase name="CreatePOTS_1pty_LQ" time="46.539" classname="Regression.OpenExistingAccount"/>
</testsuite> <!-- Regression.OpenExistingAccount -->
