<?xml version="1.0" encoding="UTF-8"?>
<!-- Generated by org.testng.reporters.JUnitReportReporter -->
<testsuite skipped="0" hostname="IND-5CG0259CJQ" name="Regression.TC004_CreateHSIplusPOTS_Leased_LQ" tests="1" failures="0" timestamp="08 Dec 2020 08:45:30 GMT" time="292.081" errors="0">
  <testcase name="CreateHSI_Leased_LQ" time="292.081" classname="Regression.TC004_CreateHSIplusPOTS_Leased_LQ"/>
</testsuite> <!-- Regression.TC004_CreateHSIplusPOTS_Leased_LQ -->
